<?xml version="1.0" encoding="UTF-8"?>
<testsuite xmlns:xsi="http://www.w3.org/2001/XMLSchema-instance" xsi:noNamespaceSchemaLocation="https://maven.apache.org/surefire/maven-surefire-plugin/xsd/surefire-test-report-3.0.xsd" version="3.0" name="demo.mowed.services.BookServiceTest" time="4.155" tests="5" errors="0" skipped="0" failures="0">
  <properties>
[...]
</properties>
  <testcase name="testGetBookRatingNull" classname="demo.mowed.services.BookServiceTest" time="2.917">
    <system-out><![CDATA[Hibernate: 
    select
        b1_0.Key,
        b1_0.Author,
        b1_0.Description,
        b1_0.Genre,
        b1_0.Isbn,
        b1_0.Price,
        r1_0.BookKey,
        r1_0.Key,
        r1_0.Description,
        r1_0.ReviewDate,
        r1_0.Score,
        r1_0.UserKey,
        b1_0.StockQuantity,
        b1_0.Title 
    from
        Books b1_0 
    left join
        BookReviews r1_0 
            on b1_0.Key=r1_0.BookKey 
    where
        b1_0.Key=?
]]></system-out>
    <system-err><![CDATA[Mockito is currently self-attaching to enable the inline-mock-maker. This will no longer work in future releases of the JDK. Please add Mockito as an agent to your build as described in Mockito's documentation: https://javadoc.io/doc/org.mockito/mockito-core/latest/org.mockito/org/mockito/Mockito.html#0.3
WARNING: A Java agent has been loaded dynamically (/home/runner/.m2/repository/net/bytebuddy/byte-buddy-agent/1.17.7/byte-buddy-agent-1.17.7.jar)
WARNING: If a serviceability tool is in use, please run with -XX:+EnableDynamicAgentLoading to hide this warning
WARNING: If a serviceability tool is not in use, please run with -Djdk.instrument.traceUsage for more information
WARNING: Dynamic loading of agents will be disallowed by default in a future release
SLF4J: Failed to load class "org.slf4j.impl.StaticLoggerBinder".
SLF4J: Defaulting to no-operation (NOP) logger implementation
SLF4J: See http://www.slf4j.org/codes.html#StaticLoggerBinder for further details.
]]></system-err>
  </testcase>
  <testcase name="testGetBooksByGenre" classname="demo.mowed.services.BookServiceTest" time="0.036">
    <system-out><![CDATA[Hibernate: 
    select
        b1_0.Key,
        b1_0.Author,
        b1_0.Description,
        b1_0.Genre,
        b1_0.Isbn,
        b1_0.Price,
        b1_0.StockQuantity,
        b1_0.Title 
    from
        Books b1_0
]]></system-out>
  </testcase>
  <testcase name="testGetBookRating(int, Float)[1]" classname="demo.mowed.services.BookServiceTest" time="0.027">
    <system-out><![CDATA[Hibernate: 
    select
        b1_0.Key,
        b1_0.Author,
        b1_0.Description,
        b1_0.Genre,
        b1_0.Isbn,
        b1_0.Price,
        r1_0.BookKey,
        r1_0.Key,
        r1_0.Description,
        r1_0.ReviewDate,
        r1_0.Score,
        r1_0.UserKey,
        b1_0.StockQuantity,
        b1_0.Title 
    from
        Books b1_0 
    left join
        BookReviews r1_0 
            on b1_0.Key=r1_0.BookKey 
    where
        b1_0.Key=?
]]></system-out>
  </testcase>
  <testcase name="testGetBookRating(int, Float)[2]" classname="demo.mowed.services.BookServiceTest" time="0.004">
    <system-out><![CDATA[Hibernate: 
    select
        b1_0.Key,
        b1_0.Author,
        b1_0.Description,
        b1_0.Genre,
        b1_0.Isbn,
        b1_0.Price,
        r1_0.BookKey,
        r1_0.Key,
        r1_0.Description,
        r1_0.ReviewDate,
        r1_0.Score,
        r1_0.UserKey,
        b1_0.StockQuantity,
        b1_0.Title 
    from
        Books b1_0 
    left join
        BookReviews r1_0 
            on b1_0.Key=r1_0.BookKey 
    where
        b1_0.Key=?
]]></system-out>
  </testcase>
  <testcase name="testGetBookDetails" classname="demo.mowed.services.BookServiceTest" time="0.006">
    <system-out><![CDATA[Hibernate: 
    select
        b1_0.Key,
        b1_0.Author,
        b1_0.Description,
        b1_0.Genre,
        b1_0.Isbn,
        b1_0.Price,
        r1_0.BookKey,
        r1_0.Key,
        r1_0.Description,
        r1_0.ReviewDate,
        r1_0.Score,
        r1_0.UserKey,
        b1_0.StockQuantity,
        b1_0.Title 
    from
        Books b1_0 
    left join
        BookReviews r1_0 
            on b1_0.Key=r1_0.BookKey 
    where
        b1_0.Key=?
]]></system-out>
  </testcase>
</testsuite>